# JRE version: Java(TM) SE Runtime Environment (7.0_80-b15) (build 1.7.0_80-b15)
# Java VM: Java HotSpot(TM) Server VM (24.80-b11 mixed mode linux-x86 )
Heap
 PSYoungGen      total 203008K, used 12538K [0xde040000, 0xeb3c0000, 0xf35c0000)
  eden space 190464K, 0% used [0xde040000,0xde040000,0xe9a40000)
  from space 12544K, 99% used [0xe9a40000,0xea67eb48,0xea680000)
  to   space 11520K, 0% used [0xea680000,0xea680000,0xeb1c0000)
 ParOldGen       total 40704K, used 21791K [0xb35c0000, 0xb5d80000, 0xde040000)
  object space 40704K, 53% used [0xb35c0000,0xb4b07de8,0xb5d80000)
 PSPermGen       total 38912K, used 38848K [0xa35c0000, 0xa5bc0000, 0xb35c0000)
  object space 38912K, 99% used [0xa35c0000,0xa5bb0328,0xa5bc0000)
GC Heap History (10 events):
Event: 2.725 GC heap after
Heap after GC invocations=6 (full 0):
 PSYoungGen      total 64512K, used 3827K [0xde040000, 0xe2540000, 0xf35c0000)
  eden space 60672K, 0% used [0xde040000,0xde040000,0xe1b80000)
  from space 3840K, 99% used [0xe2000000,0xe23bce78,0xe23c0000)
  to   space 4608K, 0% used [0xe1b80000,0xe1b80000,0xe2000000)
 ParOldGen       total 40704K, used 1801K [0xb35c0000, 0xb5d80000, 0xde040000)
  object space 40704K, 4% used [0xb35c0000,0xb3782588,0xb5d80000)
 PSPermGen       total 16384K, used 11239K [0xa35c0000, 0xa45c0000, 0xb35c0000)
  object space 16384K, 68% used [0xa35c0000,0xa40b9c40,0xa45c0000)
}
Event: 3.387 GC heap before
{Heap before GC invocations=7 (full 0):
 PSYoungGen      total 64512K, used 64499K [0xde040000, 0xe2540000, 0xf35c0000)
  eden space 60672K, 100% used [0xde040000,0xe1b80000,0xe1b80000)
  from space 3840K, 99% used [0xe2000000,0xe23bce78,0xe23c0000)
  to   space 4608K, 0% used [0xe1b80000,0xe1b80000,0xe2000000)
 ParOldGen       total 40704K, used 1801K [0xb35c0000, 0xb5d80000, 0xde040000)
  object space 40704K, 4% used [0xb35c0000,0xb3782588,0xb5d80000)
 PSPermGen       total 16384K, used 15319K [0xa35c0000, 0xa45c0000, 0xb35c0000)
  object space 16384K, 93% used [0xa35c0000,0xa44b5c48,0xa45c0000)
Event: 3.403 GC heap after
Heap after GC invocations=7 (full 0):
 PSYoungGen      total 65280K, used 4602K [0xde040000, 0xe63c0000, 0xf35c0000)
  eden space 60672K, 0% used [0xde040000,0xde040000,0xe1b80000)
  from space 4608K, 99% used [0xe1b80000,0xe1ffe9e0,0xe2000000)
  to   space 6656K, 0% used [0xe5d40000,0xe5d40000,0xe63c0000)
 ParOldGen       total 40704K, used 4686K [0xb35c0000, 0xb5d80000, 0xde040000)
  object space 40704K, 11% used [0xb35c0000,0xb3a53b30,0xb5d80000)
 PSPermGen       total 16384K, used 15319K [0xa35c0000, 0xa45c0000, 0xb35c0000)
  object space 16384K, 93% used [0xa35c0000,0xa44b5c48,0xa45c0000)
}
Event: 4.110 GC heap before
{Heap before GC invocations=8 (full 0):
 PSYoungGen      total 65280K, used 65274K [0xde040000, 0xe63c0000, 0xf35c0000)
  eden space 60672K, 100% used [0xde040000,0xe1b80000,0xe1b80000)
  from space 4608K, 99% used [0xe1b80000,0xe1ffe9e0,0xe2000000)
  to   space 6656K, 0% used [0xe5d40000,0xe5d40000,0xe63c0000)
 ParOldGen       total 40704K, used 4686K [0xb35c0000, 0xb5d80000, 0xde040000)
  object space 40704K, 11% used [0xb35c0000,0xb3a53b30,0xb5d80000)
 PSPermGen       total 18944K, used 18852K [0xa35c0000, 0xa4840000, 0xb35c0000)
  object space 18944K, 99% used [0xa35c0000,0xa4829368,0xa4840000)
Event: 4.122 GC heap after
Heap after GC invocations=8 (full 0):
 PSYoungGen      total 126208K, used 6645K [0xde040000, 0xe6740000, 0xf35c0000)
  eden space 119552K, 0% used [0xde040000,0xde040000,0xe5500000)
  from space 6656K, 99% used [0xe5d40000,0xe63bd5c0,0xe63c0000)
  to   space 8448K, 0% used [0xe5500000,0xe5500000,0xe5d40000)
 ParOldGen       total 40704K, used 5997K [0xb35c0000, 0xb5d80000, 0xde040000)
  object space 40704K, 14% used [0xb35c0000,0xb3b9b4f8,0xb5d80000)
 PSPermGen       total 18944K, used 18852K [0xa35c0000, 0xa4840000, 0xb35c0000)
  object space 18944K, 99% used [0xa35c0000,0xa4829368,0xa4840000)
}
Event: 5.388 GC heap before
{Heap before GC invocations=9 (full 0):
 PSYoungGen      total 126208K, used 126197K [0xde040000, 0xe6740000, 0xf35c0000)
  eden space 119552K, 100% used [0xde040000,0xe5500000,0xe5500000)
  from space 6656K, 99% used [0xe5d40000,0xe63bd5c0,0xe63c0000)
  to   space 8448K, 0% used [0xe5500000,0xe5500000,0xe5d40000)
 ParOldGen       total 40704K, used 5997K [0xb35c0000, 0xb5d80000, 0xde040000)
  object space 40704K, 14% used [0xb35c0000,0xb3b9b4f8,0xb5d80000)
 PSPermGen       total 25344K, used 25268K [0xa35c0000, 0xa4e80000, 0xb35c0000)
  object space 25344K, 99% used [0xa35c0000,0xa4e6d0e8,0xa4e80000)
Event: 5.418 GC heap after
Heap after GC invocations=9 (full 0):
 PSYoungGen      total 128000K, used 8442K [0xde040000, 0xeb1c0000, 0xf35c0000)
  eden space 119552K, 0% used [0xde040000,0xde040000,0xe5500000)
  from space 8448K, 99% used [0xe5500000,0xe5d3eb40,0xe5d40000)
  to   space 11520K, 0% used [0xea680000,0xea680000,0xeb1c0000)
 ParOldGen       total 40704K, used 10572K [0xb35c0000, 0xb5d80000, 0xde040000)
  object space 40704K, 25% used [0xb35c0000,0xb40130e8,0xb5d80000)
 PSPermGen       total 25344K, used 25268K [0xa35c0000, 0xa4e80000, 0xb35c0000)
  object space 25344K, 99% used [0xa35c0000,0xa4e6d0e8,0xa4e80000)
}
Event: 7.187 GC heap before
{Heap before GC invocations=10 (full 0):
 PSYoungGen      total 128000K, used 127994K [0xde040000, 0xeb1c0000, 0xf35c0000)
  eden space 119552K, 100% used [0xde040000,0xe5500000,0xe5500000)
  from space 8448K, 99% used [0xe5500000,0xe5d3eb40,0xe5d40000)
  to   space 11520K, 0% used [0xea680000,0xea680000,0xeb1c0000)
 ParOldGen       total 40704K, used 10572K [0xb35c0000, 0xb5d80000, 0xde040000)
  object space 40704K, 25% used [0xb35c0000,0xb40130e8,0xb5d80000)
 PSPermGen       total 29440K, used 29361K [0xa35c0000, 0xa5280000, 0xb35c0000)
  object space 29440K, 99% used [0xa35c0000,0xa526c4b0,0xa5280000)
Event: 7.205 GC heap after
Heap after GC invocations=10 (full 0):
 PSYoungGen      total 201984K, used 9083K [0xde040000, 0xeb3c0000, 0xf35c0000)
  eden space 190464K, 0% used [0xde040000,0xde040000,0xe9a40000)
  from space 11520K, 78% used [0xea680000,0xeaf5ec20,0xeb1c0000)
  to   space 12544K, 0% used [0xe9a40000,0xe9a40000,0xea680000)
 ParOldGen       total 40704K, used 12922K [0xb35c0000, 0xb5d80000, 0xde040000)
  object space 40704K, 31% used [0xb35c0000,0xb425eb50,0xb5d80000)
 PSPermGen       total 29440K, used 29361K [0xa35c0000, 0xa5280000, 0xb35c0000)
  object space 29440K, 99% used [0xa35c0000,0xa526c4b0,0xa5280000)
}
Event: 12.745 GC heap before
{Heap before GC invocations=11 (full 0):
 PSYoungGen      total 201984K, used 199547K [0xde040000, 0xeb3c0000, 0xf35c0000)
  eden space 190464K, 100% used [0xde040000,0xe9a40000,0xe9a40000)
  from space 11520K, 78% used [0xea680000,0xeaf5ec20,0xeb1c0000)
  to   space 12544K, 0% used [0xe9a40000,0xe9a40000,0xea680000)
 ParOldGen       total 40704K, used 12922K [0xb35c0000, 0xb5d80000, 0xde040000)
  object space 40704K, 31% used [0xb35c0000,0xb425eb50,0xb5d80000)
 PSPermGen       total 38912K, used 38848K [0xa35c0000, 0xa5bc0000, 0xb35c0000)
  object space 38912K, 99% used [0xa35c0000,0xa5bb0328,0xa5bc0000)

